生成启动时间为 2017/2/14 16:15:01。
     1>项目“D:\Desktop\LAB\图像处理实验\KnowNUM3.0\KnowNUM\KnowNUM.vcxproj”在节点 2 上(Build 个目标)。
     1>ClCompile:
         D:\vs2012\VC\bin\CL.exe /c /ZI /nologo /W3 /WX- /Od /Oy- /D WIN32 /D _DEBUG /D _CONSOLE /D _UNICODE /D UNICODE /Gm /EHsc /RTC1 /MDd /GS /fp:precise /Zc:wchar_t /Zc:forScope /Fo"Debug\\" /Fd"Debug\vc110.pdb" /Gd /TP /analyze- /errorReport:prompt Main.cpp
         Main.cpp
     1>d:\desktop\lab\图像处理实验\knownum3.0\knownum\numberrec.hpp : warning C4819: 该文件包含不能在当前代码页(936)中表示的字符。请将该文件保存为 Unicode 格式以防止数据丢失
     1>d:\opencv\opencv\build\include\opencv2\core\mat.hpp(1965): warning C4819: 该文件包含不能在当前代码页(936)中表示的字符。请将该文件保存为 Unicode 格式以防止数据丢失
     1>d:\opencv\opencv\build\include\opencv2\core\persistence.hpp : warning C4819: 该文件包含不能在当前代码页(936)中表示的字符。请将该文件保存为 Unicode 格式以防止数据丢失
     1>d:\opencv\opencv\build\include\opencv2\core\utility.hpp : warning C4819: 该文件包含不能在当前代码页(936)中表示的字符。请将该文件保存为 Unicode 格式以防止数据丢失
     1>d:\desktop\lab\图像处理实验\knownum3.0\knownum\numberrec.hpp(96): warning C4996: 'sprintf': This function or variable may be unsafe. Consider using sprintf_s instead. To disable deprecation, use _CRT_SECURE_NO_WARNINGS. See online help for details.
                 d:\vs2012\vc\include\stdio.h(357) : 参见“sprintf”的声明
     1>d:\desktop\lab\图像处理实验\knownum3.0\knownum\numberrec.hpp(97): warning C4996: 'fopen': This function or variable may be unsafe. Consider using fopen_s instead. To disable deprecation, use _CRT_SECURE_NO_WARNINGS. See online help for details.
                 d:\vs2012\vc\include\stdio.h(218) : 参见“fopen”的声明
     1>d:\desktop\lab\图像处理实验\knownum3.0\knownum\numberrec.hpp(104): warning C4996: 'sprintf': This function or variable may be unsafe. Consider using sprintf_s instead. To disable deprecation, use _CRT_SECURE_NO_WARNINGS. See online help for details.
                 d:\vs2012\vc\include\stdio.h(357) : 参见“sprintf”的声明
     1>d:\desktop\lab\图像处理实验\knownum3.0\knownum\numberrec.hpp(154): warning C4244: “return”: 从“float”转换到“int”，可能丢失数据
     1>d:\desktop\lab\图像处理实验\knownum3.0\knownum\data.h(37): warning C4996: 'sprintf': This function or variable may be unsafe. Consider using sprintf_s instead. To disable deprecation, use _CRT_SECURE_NO_WARNINGS. See online help for details.
                 d:\vs2012\vc\include\stdio.h(357) : 参见“sprintf”的声明
     1>d:\desktop\lab\图像处理实验\knownum3.0\knownum\data.h(39): warning C4996: 'sprintf': This function or variable may be unsafe. Consider using sprintf_s instead. To disable deprecation, use _CRT_SECURE_NO_WARNINGS. See online help for details.
                 d:\vs2012\vc\include\stdio.h(357) : 参见“sprintf”的声明
     1>d:\desktop\lab\图像处理实验\knownum3.0\knownum\data.h(41): warning C4996: 'fopen': This function or variable may be unsafe. Consider using fopen_s instead. To disable deprecation, use _CRT_SECURE_NO_WARNINGS. See online help for details.
                 d:\vs2012\vc\include\stdio.h(218) : 参见“fopen”的声明
     1>d:\desktop\lab\图像处理实验\knownum3.0\knownum\data.h(74): warning C4018: “<”: 有符号/无符号不匹配
     1>d:\desktop\lab\图像处理实验\knownum3.0\knownum\data.h(98): warning C4244: “+=”: 从“double”转换到“int”，可能丢失数据
     1>d:\desktop\lab\图像处理实验\knownum3.0\knownum\data.h(99): warning C4244: “+=”: 从“double”转换到“int”，可能丢失数据
     1>d:\desktop\lab\图像处理实验\knownum3.0\knownum\data.h(100): warning C4244: “-=”: 从“double”转换到“int”，可能丢失数据
     1>d:\desktop\lab\图像处理实验\knownum3.0\knownum\data.h(103): warning C4244: “参数”: 从“int”转换到“float”，可能丢失数据
     1>d:\desktop\lab\图像处理实验\knownum3.0\knownum\data.h(114): warning C4996: 'sprintf': This function or variable may be unsafe. Consider using sprintf_s instead. To disable deprecation, use _CRT_SECURE_NO_WARNINGS. See online help for details.
                 d:\vs2012\vc\include\stdio.h(357) : 参见“sprintf”的声明
     1>d:\desktop\lab\图像处理实验\knownum3.0\knownum\data.h(132): warning C4996: 'fopen': This function or variable may be unsafe. Consider using fopen_s instead. To disable deprecation, use _CRT_SECURE_NO_WARNINGS. See online help for details.
                 d:\vs2012\vc\include\stdio.h(218) : 参见“fopen”的声明
     1>d:\desktop\lab\图像处理实验\knownum3.0\knownum\main.cpp(76): warning C4996: 'scanf': This function or variable may be unsafe. Consider using scanf_s instead. To disable deprecation, use _CRT_SECURE_NO_WARNINGS. See online help for details.
                 d:\vs2012\vc\include\stdio.h(290) : 参见“scanf”的声明
     1>d:\desktop\lab\图像处理实验\knownum3.0\knownum\main.cpp(85): warning C4996: 'scanf': This function or variable may be unsafe. Consider using scanf_s instead. To disable deprecation, use _CRT_SECURE_NO_WARNINGS. See online help for details.
                 d:\vs2012\vc\include\stdio.h(290) : 参见“scanf”的声明
     1>d:\desktop\lab\图像处理实验\knownum3.0\knownum\main.cpp(88): warning C4996: 'scanf': This function or variable may be unsafe. Consider using scanf_s instead. To disable deprecation, use _CRT_SECURE_NO_WARNINGS. See online help for details.
                 d:\vs2012\vc\include\stdio.h(290) : 参见“scanf”的声明
     1>d:\desktop\lab\图像处理实验\knownum3.0\knownum\main.cpp(102): warning C4996: 'fopen': This function or variable may be unsafe. Consider using fopen_s instead. To disable deprecation, use _CRT_SECURE_NO_WARNINGS. See online help for details.
                 d:\vs2012\vc\include\stdio.h(218) : 参见“fopen”的声明
     1>d:\desktop\lab\图像处理实验\knownum3.0\knownum\main.cpp(107): warning C4996: 'fopen': This function or variable may be unsafe. Consider using fopen_s instead. To disable deprecation, use _CRT_SECURE_NO_WARNINGS. See online help for details.
                 d:\vs2012\vc\include\stdio.h(218) : 参见“fopen”的声明
     1>d:\desktop\lab\图像处理实验\knownum3.0\knownum\main.cpp(109): warning C4996: 'sprintf': This function or variable may be unsafe. Consider using sprintf_s instead. To disable deprecation, use _CRT_SECURE_NO_WARNINGS. See online help for details.
                 d:\vs2012\vc\include\stdio.h(357) : 参见“sprintf”的声明
       Link:
         D:\vs2012\VC\bin\link.exe /ERRORREPORT:PROMPT /OUT:"D:\Desktop\LAB\图像处理实验\KnowNUM3.0\Debug\KnowNUM.exe" /INCREMENTAL /NOLOGO opencv_ts300d.lib opencv_world300d.lib IlmImfd.lib libjasperd.lib libjpegd.lib libpngd.lib libtiffd.lib libwebpd.lib opencv_calib3d300d.lib opencv_core300d.lib opencv_features2d300d.lib opencv_flann300d.lib opencv_highgui300d.lib opencv_imgcodecs300d.lib opencv_imgproc300d.lib opencv_ml300d.lib opencv_objdetect300d.lib opencv_photo300d.lib opencv_shape300d.lib opencv_stitching300d.lib opencv_superres300d.lib opencv_video300d.lib opencv_videoio300d.lib opencv_videostab300d.lib zlibd.lib kernel32.lib user32.lib gdi32.lib winspool.lib comdlg32.lib advapi32.lib shell32.lib ole32.lib oleaut32.lib uuid.lib odbc32.lib odbccp32.lib /MANIFEST /MANIFESTUAC:"level='asInvoker' uiAccess='false'" /manifest:embed /DEBUG /PDB:"D:\Desktop\LAB\图像处理实验\KnowNUM3.0\Debug\KnowNUM.pdb" /SUBSYSTEM:CONSOLE /TLBID:1 /DYNAMICBASE /NXCOMPAT /IMPLIB:"D:\Desktop\LAB\图像处理实验\KnowNUM3.0\Debug\KnowNUM.lib" /MACHINE:X86 Debug\Main.obj
         KnowNUM.vcxproj -> D:\Desktop\LAB\图像处理实验\KnowNUM3.0\Debug\KnowNUM.exe
     1>已完成生成项目“D:\Desktop\LAB\图像处理实验\KnowNUM3.0\KnowNUM\KnowNUM.vcxproj”(Build 个目标)的操作。

生成成功。

已用时间 00:00:07.02
