  Main.cpp
g:\code\opencv\shuzi\knownum3.0\knownum\numberrec.hpp : warning C4819: 该文件包含不能在当前代码页(936)中表示的字符。请将该文件保存为 Unicode 格式以防止数据丢失
e:\opencv3.1.0\opencv\build\include\opencv2\core\mat.hpp(1965): warning C4819: 该文件包含不能在当前代码页(936)中表示的字符。请将该文件保存为 Unicode 格式以防止数据丢失
e:\opencv3.1.0\opencv\build\include\opencv2\core\persistence.hpp : warning C4819: 该文件包含不能在当前代码页(936)中表示的字符。请将该文件保存为 Unicode 格式以防止数据丢失
e:\opencv3.1.0\opencv\build\include\opencv2\core\utility.hpp : warning C4819: 该文件包含不能在当前代码页(936)中表示的字符。请将该文件保存为 Unicode 格式以防止数据丢失
e:\opencv3.1.0\opencv\build\include\opencv2\core\utility.hpp : warning C4819: 该文件包含不能在当前代码页(936)中表示的字符。请将该文件保存为 Unicode 格式以防止数据丢失
g:\code\opencv\shuzi\knownum3.0\knownum\numberrec.hpp(95): warning C4996: 'sprintf': This function or variable may be unsafe. Consider using sprintf_s instead. To disable deprecation, use _CRT_SECURE_NO_WARNINGS. See online help for details.
  c:\program files (x86)\windows kits\10\include\10.0.10240.0\ucrt\stdio.h(1769): note: 参见“sprintf”的声明
g:\code\opencv\shuzi\knownum3.0\knownum\numberrec.hpp(96): warning C4996: 'fopen': This function or variable may be unsafe. Consider using fopen_s instead. To disable deprecation, use _CRT_SECURE_NO_WARNINGS. See online help for details.
  c:\program files (x86)\windows kits\10\include\10.0.10240.0\ucrt\stdio.h(205): note: 参见“fopen”的声明
g:\code\opencv\shuzi\knownum3.0\knownum\numberrec.hpp(103): warning C4996: 'sprintf': This function or variable may be unsafe. Consider using sprintf_s instead. To disable deprecation, use _CRT_SECURE_NO_WARNINGS. See online help for details.
  c:\program files (x86)\windows kits\10\include\10.0.10240.0\ucrt\stdio.h(1769): note: 参见“sprintf”的声明
g:\code\opencv\shuzi\knownum3.0\knownum\numberrec.hpp(153): warning C4244: “return”: 从“float”转换到“int”，可能丢失数据
g:\code\opencv\shuzi\knownum3.0\knownum\data.h(98): warning C4244: “+=”: 从“double”转换到“int”，可能丢失数据
g:\code\opencv\shuzi\knownum3.0\knownum\data.h(99): warning C4244: “+=”: 从“double”转换到“int”，可能丢失数据
g:\code\opencv\shuzi\knownum3.0\knownum\data.h(100): warning C4244: “-=”: 从“double”转换到“int”，可能丢失数据
g:\code\opencv\shuzi\knownum3.0\knownum\data.h(103): warning C4244: “参数”: 从“int”转换到“float”，可能丢失数据
g:\code\opencv\shuzi\knownum3.0\knownum\data.h(37): warning C4996: 'sprintf': This function or variable may be unsafe. Consider using sprintf_s instead. To disable deprecation, use _CRT_SECURE_NO_WARNINGS. See online help for details.
  c:\program files (x86)\windows kits\10\include\10.0.10240.0\ucrt\stdio.h(1769): note: 参见“sprintf”的声明
g:\code\opencv\shuzi\knownum3.0\knownum\data.h(39): warning C4996: 'sprintf': This function or variable may be unsafe. Consider using sprintf_s instead. To disable deprecation, use _CRT_SECURE_NO_WARNINGS. See online help for details.
  c:\program files (x86)\windows kits\10\include\10.0.10240.0\ucrt\stdio.h(1769): note: 参见“sprintf”的声明
g:\code\opencv\shuzi\knownum3.0\knownum\data.h(41): warning C4996: 'fopen': This function or variable may be unsafe. Consider using fopen_s instead. To disable deprecation, use _CRT_SECURE_NO_WARNINGS. See online help for details.
  c:\program files (x86)\windows kits\10\include\10.0.10240.0\ucrt\stdio.h(205): note: 参见“fopen”的声明
g:\code\opencv\shuzi\knownum3.0\knownum\data.h(116): warning C4996: 'sprintf': This function or variable may be unsafe. Consider using sprintf_s instead. To disable deprecation, use _CRT_SECURE_NO_WARNINGS. See online help for details.
  c:\program files (x86)\windows kits\10\include\10.0.10240.0\ucrt\stdio.h(1769): note: 参见“sprintf”的声明
g:\code\opencv\shuzi\knownum3.0\knownum\data.h(134): warning C4996: 'fopen': This function or variable may be unsafe. Consider using fopen_s instead. To disable deprecation, use _CRT_SECURE_NO_WARNINGS. See online help for details.
  c:\program files (x86)\windows kits\10\include\10.0.10240.0\ucrt\stdio.h(205): note: 参见“fopen”的声明
g:\code\opencv\shuzi\knownum3.0\knownum\data.h(136): warning C4996: 'sprintf': This function or variable may be unsafe. Consider using sprintf_s instead. To disable deprecation, use _CRT_SECURE_NO_WARNINGS. See online help for details.
  c:\program files (x86)\windows kits\10\include\10.0.10240.0\ucrt\stdio.h(1769): note: 参见“sprintf”的声明
g:\code\opencv\shuzi\knownum3.0\knownum\main.cpp(30): warning C4473: “scanf_s”: 没有为格式字符串传递足够的参数
  g:\code\opencv\shuzi\knownum3.0\knownum\main.cpp(30): note: 占位符和其参数预计 2 可变参数，但提供的却是 1 参数
  g:\code\opencv\shuzi\knownum3.0\knownum\main.cpp(30): note: 缺失的可变参数 2 为格式字符串“%c”所需
  g:\code\opencv\shuzi\knownum3.0\knownum\main.cpp(30): note: 此参数用作缓冲区大小
g:\code\opencv\shuzi\knownum3.0\knownum\main.cpp(76): warning C4996: 'scanf': This function or variable may be unsafe. Consider using scanf_s instead. To disable deprecation, use _CRT_SECURE_NO_WARNINGS. See online help for details.
  c:\program files (x86)\windows kits\10\include\10.0.10240.0\ucrt\stdio.h(1270): note: 参见“scanf”的声明
g:\code\opencv\shuzi\knownum3.0\knownum\main.cpp(85): warning C4996: 'scanf': This function or variable may be unsafe. Consider using scanf_s instead. To disable deprecation, use _CRT_SECURE_NO_WARNINGS. See online help for details.
  c:\program files (x86)\windows kits\10\include\10.0.10240.0\ucrt\stdio.h(1270): note: 参见“scanf”的声明
g:\code\opencv\shuzi\knownum3.0\knownum\main.cpp(88): warning C4996: 'scanf': This function or variable may be unsafe. Consider using scanf_s instead. To disable deprecation, use _CRT_SECURE_NO_WARNINGS. See online help for details.
  c:\program files (x86)\windows kits\10\include\10.0.10240.0\ucrt\stdio.h(1270): note: 参见“scanf”的声明
g:\code\opencv\shuzi\knownum3.0\knownum\main.cpp(102): warning C4996: 'fopen': This function or variable may be unsafe. Consider using fopen_s instead. To disable deprecation, use _CRT_SECURE_NO_WARNINGS. See online help for details.
  c:\program files (x86)\windows kits\10\include\10.0.10240.0\ucrt\stdio.h(205): note: 参见“fopen”的声明
g:\code\opencv\shuzi\knownum3.0\knownum\main.cpp(107): warning C4996: 'fopen': This function or variable may be unsafe. Consider using fopen_s instead. To disable deprecation, use _CRT_SECURE_NO_WARNINGS. See online help for details.
  c:\program files (x86)\windows kits\10\include\10.0.10240.0\ucrt\stdio.h(205): note: 参见“fopen”的声明
g:\code\opencv\shuzi\knownum3.0\knownum\main.cpp(109): warning C4996: 'sprintf': This function or variable may be unsafe. Consider using sprintf_s instead. To disable deprecation, use _CRT_SECURE_NO_WARNINGS. See online help for details.
  c:\program files (x86)\windows kits\10\include\10.0.10240.0\ucrt\stdio.h(1769): note: 参见“sprintf”的声明
  KnowNUM.vcxproj -> G:\code\opencv\shuzi\KnowNUM3.0\x64\Debug\KnowNUM.exe
  KnowNUM.vcxproj -> G:\code\opencv\shuzi\KnowNUM3.0\x64\Debug\KnowNUM.pdb (Full PDB)
